\BOOKMARK [-1][-]{part.1}{\376\377\173\054\116\000\220\350\122\006\000\040}{}% 1
\BOOKMARK [0][-]{chapter.1}{\376\377\127\107\120\074\116\015\173\111\137\017\000\040\000\050\116\000\000\051}{part.1}% 2
\BOOKMARK [1][-]{section.1.1}{\376\377\127\107\120\074\116\015\173\111\137\017\166\204\122\240\137\072}{chapter.1}% 3
\BOOKMARK [1][-]{section.1.2}{\376\377\127\107\120\074\116\015\173\111\137\017\166\204\127\372\147\054\165\050\154\325}{chapter.1}% 4
\BOOKMARK [1][-]{section.1.3}{\376\377\117\134\116\032\230\230}{chapter.1}% 5
\BOOKMARK [0][-]{chapter.2}{\376\377\127\107\120\074\116\015\173\111\137\017\000\040\000\050\116\214\000\051}{part.1}% 6
\BOOKMARK [1][-]{section.2.1}{\376\377\127\372\170\100\167\345\213\306}{chapter.2}% 7
\BOOKMARK [1][-]{section.2.2}{\376\377\121\170\127\213\117\213\230\230}{chapter.2}% 8
\BOOKMARK [1][-]{section.2.3}{\376\377\117\134\116\032\230\230}{chapter.2}% 9
\BOOKMARK [0][-]{chapter.3}{\376\377\147\357\211\177\116\015\173\111\137\017\000\040\000\050\116\000\000\051}{part.1}% 10
\BOOKMARK [1][-]{section.3.1}{\376\377\122\006\137\017\127\213\147\357\211\177\116\015\173\111\137\017}{chapter.3}% 11
\BOOKMARK [1][-]{section.3.2}{\376\377\117\134\116\032\230\230}{chapter.3}% 12
\BOOKMARK [0][-]{chapter.4}{\376\377\147\357\211\177\116\015\173\111\137\017\000\040\000\050\116\214\000\051}{part.1}% 13
\BOOKMARK [1][-]{section.4.1}{\376\377\143\142\121\103\154\325}{chapter.4}% 14
\BOOKMARK [1][-]{section.4.2}{\376\377\137\205\133\232\174\373\145\160\154\325}{chapter.4}% 15
\BOOKMARK [1][-]{section.4.3}{\376\377\210\302\230\171\154\325}{chapter.4}% 16
\BOOKMARK [1][-]{section.4.4}{\376\377\117\134\116\032\230\230}{chapter.4}% 17
\BOOKMARK [0][-]{chapter.5}{\376\377\147\357\211\177\116\015\173\111\137\017\000\040\000\050\116\011\000\051}{part.1}% 18
\BOOKMARK [1][-]{section.5.1}{\376\377\142\311\150\074\147\027\145\345\140\122\173\111\137\017}{chapter.5}% 19
\BOOKMARK [1][-]{section.5.2}{\376\377\000H\000\366\000l\000d\000e\000r\000\040\116\015\173\111\137\017}{chapter.5}% 20
\BOOKMARK [1][-]{section.5.3}{\376\377\117\134\116\032\230\230}{chapter.5}% 21
\BOOKMARK [0][-]{chapter.6}{\376\377\143\222\136\217\116\015\173\111\137\017\116\016\122\007\153\324\226\352\131\053\116\015\173\111\137\017}{part.1}% 22
\BOOKMARK [1][-]{section.6.1}{\376\377\127\372\170\100\167\345\213\306}{chapter.6}% 23
\BOOKMARK [1][-]{section.6.2}{\376\377\117\213\230\230}{chapter.6}% 24
\BOOKMARK [1][-]{section.6.3}{\376\377\117\134\116\032\230\230}{chapter.6}% 25
\BOOKMARK [0][-]{chapter.7}{\376\377\176\303\116\140\230\230}{part.1}% 26
\BOOKMARK [1][-]{section.7.1}{\376\377\127\107\120\074\116\015\173\111\137\017}{chapter.7}% 27
\BOOKMARK [1][-]{section.7.2}{\376\377\147\357\211\177\116\015\173\111\137\017}{chapter.7}% 28
\BOOKMARK [1][-]{section.7.3}{\376\377\176\374\124\010\176\303\116\140}{chapter.7}% 29
\BOOKMARK [-1][-]{part.2}{\376\377\173\054\116\214\220\350\122\006\000\040}{}% 30
\BOOKMARK [0][-]{chapter.8}{\376\377\140\122\173\111\123\330\137\142}{part.2}% 31
\BOOKMARK [1][-]{section.8.1}{\376\377\127\372\170\100\167\345\213\306}{chapter.8}% 32
\BOOKMARK [1][-]{section.8.2}{\376\377\230\204\116\140\230\230}{chapter.8}% 33
\BOOKMARK [1][-]{section.8.3}{\376\377\117\213\230\230}{chapter.8}% 34
\BOOKMARK [1][-]{section.8.4}{\376\377\117\134\116\032\230\230}{chapter.8}% 35
\BOOKMARK [0][-]{chapter.9}{\376\377\000A\000b\000e\000l\000\040\123\330\143\142}{part.2}% 36
\BOOKMARK [1][-]{section.9.1}{\376\377\127\372\170\100\167\345\213\306}{chapter.9}% 37
\BOOKMARK [1][-]{section.9.2}{\376\377\230\204\116\140\230\230}{chapter.9}% 38
\BOOKMARK [1][-]{section.9.3}{\376\377\117\213\230\230}{chapter.9}% 39
\BOOKMARK [1][-]{section.9.4}{\376\377\176\303\116\140\230\230}{chapter.9}% 40
\BOOKMARK [0][-]{chapter.10}{\376\377\117\057\122\252\122\051\116\015\173\111\137\017}{part.2}% 41
\BOOKMARK [1][-]{section.10.1}{\376\377\127\372\170\100\167\345\213\306}{chapter.10}% 42
\BOOKMARK [1][-]{section.10.2}{\376\377\117\213\230\230}{chapter.10}% 43
\BOOKMARK [1][-]{section.10.3}{\376\377\176\303\116\140\230\230}{chapter.10}% 44
\BOOKMARK [0][-]{chapter.11}{\376\377\121\166\116\326\204\127\124\015\116\015\173\111\137\017}{part.2}% 45
\BOOKMARK [1][-]{section.11.1}{\376\377\127\372\170\100\167\345\213\306}{chapter.11}% 46
\BOOKMARK [1][-]{section.11.2}{\376\377\117\213\230\230}{chapter.11}% 47
\BOOKMARK [1][-]{section.11.3}{\376\377\117\134\116\032\230\230}{chapter.11}% 48
\BOOKMARK [-1][-]{part.3}{\376\377\173\054\116\011\220\350\122\006\000\040}{}% 49
\BOOKMARK [0][-]{chapter.12}{\376\377\214\003\145\164\154\325}{part.3}% 50
\BOOKMARK [1][-]{section.12.1}{\376\377\230\204\116\140\230\230}{chapter.12}% 51
\BOOKMARK [1][-]{section.12.2}{\376\377\117\213\230\230}{chapter.12}% 52
\BOOKMARK [1][-]{section.12.3}{\376\377\176\303\116\140\230\230}{chapter.12}% 53
\BOOKMARK [0][-]{chapter.13}{\376\377\134\100\220\350\116\015\173\111\137\017}{part.3}% 54
\BOOKMARK [1][-]{section.13.1}{\376\377\117\213\230\230}{chapter.13}% 55
\BOOKMARK [1][-]{section.13.2}{\376\377\176\303\116\140\230\230}{chapter.13}% 56
\BOOKMARK [0][-]{chapter.14}{\376\377\123\315\124\021\116\015\173\111\137\017}{part.3}% 57
\BOOKMARK [1][-]{section.14.1}{\376\377\127\372\170\100\167\345\213\306}{chapter.14}% 58
\BOOKMARK [1][-]{section.14.2}{\376\377\117\213\230\230}{chapter.14}% 59
\BOOKMARK [1][-]{section.14.3}{\376\377\117\134\116\032\230\230}{chapter.14}% 60
\BOOKMARK [0][-]{chapter.15}{\376\377\121\370\121\375\145\160\116\016\116\015\173\111\137\017}{part.3}% 61
\BOOKMARK [1][-]{section.15.1}{\376\377\221\315\211\201\133\232\164\006}{chapter.15}% 62
\BOOKMARK [1][-]{section.15.2}{\376\377\117\213\230\230}{chapter.15}% 63
\BOOKMARK [1][-]{section.15.3}{\376\377\117\134\116\032\230\230}{chapter.15}% 64
\BOOKMARK [-1][-]{part.4}{\376\377\173\054\126\333\220\350\122\006\000\040}{}% 65
\BOOKMARK [0][-]{chapter.16}{\376\377\176\335\133\371\120\074\116\015\173\111\137\017\377\010\116\000\377\011}{part.4}% 66
\BOOKMARK [1][-]{section.16.1}{\376\377\117\213\230\230}{chapter.16}% 67
\BOOKMARK [1][-]{section.16.2}{\376\377\117\134\116\032\230\230}{chapter.16}% 68
\BOOKMARK [0][-]{chapter.17}{\376\377\176\335\133\371\120\074\116\015\173\111\137\017\000\040\000\050\116\214\000\051}{part.4}% 69
\BOOKMARK [1][-]{section.17.1}{\376\377\117\213\230\230}{chapter.17}% 70
\BOOKMARK [1][-]{section.17.2}{\376\377\117\134\116\032\230\230}{chapter.17}% 71
\BOOKMARK [0][-]{chapter.18}{\376\377\136\163\127\107\120\074\123\237\164\006\116\016\116\015\173\111\137\017}{part.4}% 72
\BOOKMARK [1][-]{section.18.1}{\376\377\117\213\230\230}{chapter.18}% 73
\BOOKMARK [1][-]{section.18.2}{\376\377\117\134\116\032\230\230}{chapter.18}% 74
\BOOKMARK [0][-]{chapter.19}{\376\377\137\122\176\263\154\325\116\016\116\015\173\111\137\017\000\040\000\050\116\000\000\051}{part.4}% 75
\BOOKMARK [1][-]{section.19.1}{\376\377\117\213\230\230}{chapter.19}% 76
\BOOKMARK [1][-]{section.19.2}{\376\377\117\134\116\032\230\230}{chapter.19}% 77
\BOOKMARK [0][-]{chapter.20}{\376\377\137\122\176\263\154\325\116\016\116\015\173\111\137\017\000\040\000\050\116\214\000\051}{part.4}% 78
\BOOKMARK [1][-]{section.20.1}{\376\377\117\213\230\230}{chapter.20}% 79
\BOOKMARK [1][-]{section.20.2}{\376\377\117\134\116\032\230\230}{chapter.20}% 80
